Analysis & Synthesis report for contador_assincrono_filtro
Wed Nov 29 14:51:31 2023
Quartus Prime Version 19.1.0 Build 670 09/22/2019 SJ Lite Edition


---------------------
; Table of Contents ;
---------------------
  1. Legal Notice
  2. Analysis & Synthesis Summary
  3. Analysis & Synthesis Settings
  4. Parallel Compilation
  5. Analysis & Synthesis Source Files Read
  6. Analysis & Synthesis Resource Usage Summary
  7. Analysis & Synthesis Resource Utilization by Entity
  8. General Register Statistics
  9. Port Connectivity Checks: "decodificador:decodificador"
 10. Port Connectivity Checks: "contador_4_bits:contador_4_bits"
 11. Port Connectivity Checks: "filtro:filtro"
 12. Post-Synthesis Netlist Statistics for Top Partition
 13. Elapsed Time Per Partition
 14. Analysis & Synthesis Messages
 15. Analysis & Synthesis Suppressed Messages



----------------
; Legal Notice ;
----------------
Copyright (C) 2019  Intel Corporation. All rights reserved.
Your use of Intel Corporation's design tools, logic functions 
and other software and tools, and any partner logic 
functions, and any output files from any of the foregoing 
(including device programming or simulation files), and any 
associated documentation or information are expressly subject 
to the terms and conditions of the Intel Program License 
Subscription Agreement, the Intel Quartus Prime License Agreement,
the Intel FPGA IP License Agreement, or other applicable license
agreement, including, without limitation, that your use is for
the sole purpose of programming logic devices manufactured by
Intel and sold by Intel or its authorized distributors.  Please
refer to the applicable agreement for further details, at
https://fpgasoftware.intel.com/eula.



+----------------------------------------------------------------------------------+
; Analysis & Synthesis Summary                                                     ;
+------------------------------------+---------------------------------------------+
; Analysis & Synthesis Status        ; Successful - Wed Nov 29 14:51:31 2023       ;
; Quartus Prime Version              ; 19.1.0 Build 670 09/22/2019 SJ Lite Edition ;
; Revision Name                      ; contador_assincrono_filtro                  ;
; Top-level Entity Name              ; contador_assincrono_filtro                  ;
; Family                             ; Cyclone IV E                                ;
; Total logic elements               ; 5                                           ;
;     Total combinational functions  ; 2                                           ;
;     Dedicated logic registers      ; 5                                           ;
; Total registers                    ; 5                                           ;
; Total pins                         ; 22                                          ;
; Total virtual pins                 ; 0                                           ;
; Total memory bits                  ; 0                                           ;
; Embedded Multiplier 9-bit elements ; 0                                           ;
; Total PLLs                         ; 0                                           ;
+------------------------------------+---------------------------------------------+


+----------------------------------------------------------------------------------------------------------------------------+
; Analysis & Synthesis Settings                                                                                              ;
+------------------------------------------------------------------+----------------------------+----------------------------+
; Option                                                           ; Setting                    ; Default Value              ;
+------------------------------------------------------------------+----------------------------+----------------------------+
; Device                                                           ; EP4CE115F29C7              ;                            ;
; Top-level entity name                                            ; contador_assincrono_filtro ; contador_assincrono_filtro ;
; Family name                                                      ; Cyclone IV E               ; Cyclone V                  ;
; Use smart compilation                                            ; Off                        ; Off                        ;
; Enable parallel Assembler and Timing Analyzer during compilation ; On                         ; On                         ;
; Enable compact report table                                      ; Off                        ; Off                        ;
; Restructure Multiplexers                                         ; Auto                       ; Auto                       ;
; Create Debugging Nodes for IP Cores                              ; Off                        ; Off                        ;
; Preserve fewer node names                                        ; On                         ; On                         ;
; Intel FPGA IP Evaluation Mode                                    ; Enable                     ; Enable                     ;
; Verilog Version                                                  ; Verilog_2001               ; Verilog_2001               ;
; VHDL Version                                                     ; VHDL_1993                  ; VHDL_1993                  ;
; State Machine Processing                                         ; Auto                       ; Auto                       ;
; Safe State Machine                                               ; Off                        ; Off                        ;
; Extract Verilog State Machines                                   ; On                         ; On                         ;
; Extract VHDL State Machines                                      ; On                         ; On                         ;
; Ignore Verilog initial constructs                                ; Off                        ; Off                        ;
; Iteration limit for constant Verilog loops                       ; 5000                       ; 5000                       ;
; Iteration limit for non-constant Verilog loops                   ; 250                        ; 250                        ;
; Add Pass-Through Logic to Inferred RAMs                          ; On                         ; On                         ;
; Infer RAMs from Raw Logic                                        ; On                         ; On                         ;
; Parallel Synthesis                                               ; On                         ; On                         ;
; DSP Block Balancing                                              ; Auto                       ; Auto                       ;
; NOT Gate Push-Back                                               ; On                         ; On                         ;
; Power-Up Don't Care                                              ; On                         ; On                         ;
; Remove Redundant Logic Cells                                     ; Off                        ; Off                        ;
; Remove Duplicate Registers                                       ; On                         ; On                         ;
; Ignore CARRY Buffers                                             ; Off                        ; Off                        ;
; Ignore CASCADE Buffers                                           ; Off                        ; Off                        ;
; Ignore GLOBAL Buffers                                            ; Off                        ; Off                        ;
; Ignore ROW GLOBAL Buffers                                        ; Off                        ; Off                        ;
; Ignore LCELL Buffers                                             ; Off                        ; Off                        ;
; Ignore SOFT Buffers                                              ; On                         ; On                         ;
; Limit AHDL Integers to 32 Bits                                   ; Off                        ; Off                        ;
; Optimization Technique                                           ; Balanced                   ; Balanced                   ;
; Carry Chain Length                                               ; 70                         ; 70                         ;
; Auto Carry Chains                                                ; On                         ; On                         ;
; Auto Open-Drain Pins                                             ; On                         ; On                         ;
; Perform WYSIWYG Primitive Resynthesis                            ; Off                        ; Off                        ;
; Auto ROM Replacement                                             ; On                         ; On                         ;
; Auto RAM Replacement                                             ; On                         ; On                         ;
; Auto DSP Block Replacement                                       ; On                         ; On                         ;
; Auto Shift Register Replacement                                  ; Auto                       ; Auto                       ;
; Allow Shift Register Merging across Hierarchies                  ; Auto                       ; Auto                       ;
; Auto Clock Enable Replacement                                    ; On                         ; On                         ;
; Strict RAM Replacement                                           ; Off                        ; Off                        ;
; Allow Synchronous Control Signals                                ; On                         ; On                         ;
; Force Use of Synchronous Clear Signals                           ; Off                        ; Off                        ;
; Auto RAM Block Balancing                                         ; On                         ; On                         ;
; Auto RAM to Logic Cell Conversion                                ; Off                        ; Off                        ;
; Auto Resource Sharing                                            ; Off                        ; Off                        ;
; Allow Any RAM Size For Recognition                               ; Off                        ; Off                        ;
; Allow Any ROM Size For Recognition                               ; Off                        ; Off                        ;
; Allow Any Shift Register Size For Recognition                    ; Off                        ; Off                        ;
; Use LogicLock Constraints during Resource Balancing              ; On                         ; On                         ;
; Ignore translate_off and synthesis_off directives                ; Off                        ; Off                        ;
; Timing-Driven Synthesis                                          ; On                         ; On                         ;
; Report Parameter Settings                                        ; On                         ; On                         ;
; Report Source Assignments                                        ; On                         ; On                         ;
; Report Connectivity Checks                                       ; On                         ; On                         ;
; Ignore Maximum Fan-Out Assignments                               ; Off                        ; Off                        ;
; Synchronization Register Chain Length                            ; 2                          ; 2                          ;
; Power Optimization During Synthesis                              ; Normal compilation         ; Normal compilation         ;
; HDL message level                                                ; Level2                     ; Level2                     ;
; Suppress Register Optimization Related Messages                  ; Off                        ; Off                        ;
; Number of Removed Registers Reported in Synthesis Report         ; 5000                       ; 5000                       ;
; Number of Swept Nodes Reported in Synthesis Report               ; 5000                       ; 5000                       ;
; Number of Inverted Registers Reported in Synthesis Report        ; 100                        ; 100                        ;
; Clock MUX Protection                                             ; On                         ; On                         ;
; Auto Gated Clock Conversion                                      ; Off                        ; Off                        ;
; Block Design Naming                                              ; Auto                       ; Auto                       ;
; SDC constraint protection                                        ; Off                        ; Off                        ;
; Synthesis Effort                                                 ; Auto                       ; Auto                       ;
; Shift Register Replacement - Allow Asynchronous Clear Signal     ; On                         ; On                         ;
; Pre-Mapping Resynthesis Optimization                             ; Off                        ; Off                        ;
; Analysis & Synthesis Message Level                               ; Medium                     ; Medium                     ;
; Disable Register Merging Across Hierarchies                      ; Auto                       ; Auto                       ;
; Resource Aware Inference For Block RAM                           ; On                         ; On                         ;
+------------------------------------------------------------------+----------------------------+----------------------------+


+------------------------------------------+
; Parallel Compilation                     ;
+----------------------------+-------------+
; Processors                 ; Number      ;
+----------------------------+-------------+
; Number detected on machine ; 12          ;
; Maximum allowed            ; 6           ;
;                            ;             ;
; Average used               ; 1.00        ;
; Maximum used               ; 6           ;
;                            ;             ;
; Usage by Processor         ; % Time Used ;
;     Processor 1            ; 100.0%      ;
;     Processors 2-6         ;   0.0%      ;
+----------------------------+-------------+


+-----------------------------------------------------------------------------------------------------------------------------------------------------------------------------+
; Analysis & Synthesis Source Files Read                                                                                                                                      ;
+----------------------------------+-----------------+------------------------+-------------------------------------------------------------------------------------+---------+
; File Name with User-Entered Path ; Used in Netlist ; File Type              ; File Name with Absolute Path                                                        ; Library ;
+----------------------------------+-----------------+------------------------+-------------------------------------------------------------------------------------+---------+
; contador_assincrono_filtro.v     ; yes             ; User Verilog HDL File  ; C:/Users/lanmarques/Desktop/Contador_Assincrono_Filtro/contador_assincrono_filtro.v ;         ;
; filtro.v                         ; yes             ; User Verilog HDL File  ; C:/Users/lanmarques/Desktop/Contador_Assincrono_Filtro/filtro.v                     ;         ;
; contador_4_bits.v                ; yes             ; User Verilog HDL File  ; C:/Users/lanmarques/Desktop/Contador_Assincrono_Filtro/contador_4_bits.v            ;         ;
; decodificador.v                  ; yes             ; User Verilog HDL File  ; C:/Users/lanmarques/Desktop/Contador_Assincrono_Filtro/decodificador.v              ;         ;
+----------------------------------+-----------------+------------------------+-------------------------------------------------------------------------------------+---------+


+---------------------------------------------------------------------------------+
; Analysis & Synthesis Resource Usage Summary                                     ;
+---------------------------------------------+-----------------------------------+
; Resource                                    ; Usage                             ;
+---------------------------------------------+-----------------------------------+
; Estimated Total logic elements              ; 5                                 ;
;                                             ;                                   ;
; Total combinational functions               ; 2                                 ;
; Logic element usage by number of LUT inputs ;                                   ;
;     -- 4 input functions                    ; 0                                 ;
;     -- 3 input functions                    ; 1                                 ;
;     -- <=2 input functions                  ; 1                                 ;
;                                             ;                                   ;
; Logic elements by mode                      ;                                   ;
;     -- normal mode                          ; 2                                 ;
;     -- arithmetic mode                      ; 0                                 ;
;                                             ;                                   ;
; Total registers                             ; 5                                 ;
;     -- Dedicated logic registers            ; 5                                 ;
;     -- I/O registers                        ; 0                                 ;
;                                             ;                                   ;
; I/O pins                                    ; 22                                ;
;                                             ;                                   ;
; Embedded Multiplier 9-bit elements          ; 0                                 ;
;                                             ;                                   ;
; Maximum fan-out node                        ; contador_4_bits:contador_4_bits|S ;
; Maximum fan-out                             ; 6                                 ;
; Total fan-out                               ; 43                                ;
; Average fan-out                             ; 0.84                              ;
+---------------------------------------------+-----------------------------------+


+---------------------------------------------------------------------------------------------------------------------------------------------------------------------------------------------------------------------------------------------------------------------------+
; Analysis & Synthesis Resource Utilization by Entity                                                                                                                                                                                                                       ;
+--------------------------------------+---------------------+---------------------------+-------------+--------------+---------+-----------+------+--------------+-------------------------------------------------------------+----------------------------+--------------+
; Compilation Hierarchy Node           ; Combinational ALUTs ; Dedicated Logic Registers ; Memory Bits ; DSP Elements ; DSP 9x9 ; DSP 18x18 ; Pins ; Virtual Pins ; Full Hierarchy Name                                         ; Entity Name                ; Library Name ;
+--------------------------------------+---------------------+---------------------------+-------------+--------------+---------+-----------+------+--------------+-------------------------------------------------------------+----------------------------+--------------+
; |contador_assincrono_filtro          ; 2 (0)               ; 5 (0)                     ; 0           ; 0            ; 0       ; 0         ; 22   ; 0            ; |contador_assincrono_filtro                                 ; contador_assincrono_filtro ; work         ;
;    |contador_4_bits:contador_4_bits| ; 1 (1)               ; 1 (1)                     ; 0           ; 0            ; 0       ; 0         ; 0    ; 0            ; |contador_assincrono_filtro|contador_4_bits:contador_4_bits ; contador_4_bits            ; work         ;
;    |filtro:filtro|                   ; 1 (1)               ; 4 (4)                     ; 0           ; 0            ; 0       ; 0         ; 0    ; 0            ; |contador_assincrono_filtro|filtro:filtro                   ; filtro                     ; work         ;
+--------------------------------------+---------------------+---------------------------+-------------+--------------+---------+-----------+------+--------------+-------------------------------------------------------------+----------------------------+--------------+
Note: For table entries with two numbers listed, the numbers in parentheses indicate the number of resources of the given type used by the specific entity alone. The numbers listed outside of parentheses indicate the total resources of the given type used by the specific entity and all of its sub-entities in the hierarchy.


+------------------------------------------------------+
; General Register Statistics                          ;
+----------------------------------------------+-------+
; Statistic                                    ; Value ;
+----------------------------------------------+-------+
; Total registers                              ; 5     ;
; Number of registers using Synchronous Clear  ; 0     ;
; Number of registers using Synchronous Load   ; 0     ;
; Number of registers using Asynchronous Clear ; 1     ;
; Number of registers using Asynchronous Load  ; 0     ;
; Number of registers using Clock Enable       ; 0     ;
; Number of registers using Preset             ; 0     ;
+----------------------------------------------+-------+


+-------------------------------------------------------------------------------------------------------------------------------------+
; Port Connectivity Checks: "decodificador:decodificador"                                                                             ;
+------+--------+----------+----------------------------------------------------------------------------------------------------------+
; Port ; Type   ; Severity ; Details                                                                                                  ;
+------+--------+----------+----------------------------------------------------------------------------------------------------------+
; seg  ; Output ; Warning  ; Declared by entity but not connected by instance. Logic that only feeds a dangling port will be removed. ;
+------+--------+----------+----------------------------------------------------------------------------------------------------------+


+--------------------------------------------------------------------------------------------------------------------------------------------------------------------------------------------------+
; Port Connectivity Checks: "contador_4_bits:contador_4_bits"                                                                                                                                      ;
+------+--------+----------+-----------------------------------------------------------------------------------------------------------------------------------------------------------------------+
; Port ; Type   ; Severity ; Details                                                                                                                                                               ;
+------+--------+----------+-----------------------------------------------------------------------------------------------------------------------------------------------------------------------+
; S    ; Output ; Warning  ; Output or bidir port (1 bits) is smaller than the port expression (4 bits) it drives.  The 3 most-significant bit(s) in the port expression will be connected to GND. ;
+------+--------+----------+-----------------------------------------------------------------------------------------------------------------------------------------------------------------------+


+-------------------------------------------------------------------------------------------------------------------------------------+
; Port Connectivity Checks: "filtro:filtro"                                                                                           ;
+------+--------+----------+----------------------------------------------------------------------------------------------------------+
; Port ; Type   ; Severity ; Details                                                                                                  ;
+------+--------+----------+----------------------------------------------------------------------------------------------------------+
; S    ; Output ; Warning  ; Declared by entity but not connected by instance. Logic that only feeds a dangling port will be removed. ;
+------+--------+----------+----------------------------------------------------------------------------------------------------------+


+-----------------------------------------------------+
; Post-Synthesis Netlist Statistics for Top Partition ;
+-----------------------+-----------------------------+
; Type                  ; Count                       ;
+-----------------------+-----------------------------+
; boundary_port         ; 22                          ;
; cycloneiii_ff         ; 5                           ;
;     CLR               ; 1                           ;
;     plain             ; 4                           ;
; cycloneiii_lcell_comb ; 4                           ;
;     normal            ; 4                           ;
;         0 data inputs ; 2                           ;
;         1 data inputs ; 1                           ;
;         3 data inputs ; 1                           ;
;                       ;                             ;
; Max LUT depth         ; 1.00                        ;
; Average LUT depth     ; 0.50                        ;
+-----------------------+-----------------------------+


+-------------------------------+
; Elapsed Time Per Partition    ;
+----------------+--------------+
; Partition Name ; Elapsed Time ;
+----------------+--------------+
; Top            ; 00:00:00     ;
+----------------+--------------+


+-------------------------------+
; Analysis & Synthesis Messages ;
+-------------------------------+
Info: *******************************************************************
Info: Running Quartus Prime Analysis & Synthesis
    Info: Version 19.1.0 Build 670 09/22/2019 SJ Lite Edition
    Info: Processing started: Wed Nov 29 14:51:23 2023
Info: Command: quartus_map --read_settings_files=on --write_settings_files=off contador_assincrono_filtro -c contador_assincrono_filtro
Warning (18236): Number of processors has not been specified which may cause overloading on shared machines.  Set the global assignment NUM_PARALLEL_PROCESSORS in your QSF to an appropriate value for best performance.
Info (20030): Parallel compilation is enabled and will use 6 of the 6 processors detected
Info (12021): Found 1 design units, including 1 entities, in source file contador_assincrono_filtro.v
    Info (12023): Found entity 1: contador_assincrono_filtro File: C:/Users/lanmarques/Desktop/Contador_Assincrono_Filtro/contador_assincrono_filtro.v Line: 1
Info (12021): Found 1 design units, including 1 entities, in source file filtro.v
    Info (12023): Found entity 1: filtro File: C:/Users/lanmarques/Desktop/Contador_Assincrono_Filtro/filtro.v Line: 1
Info (12021): Found 1 design units, including 1 entities, in source file contador_4_bits.v
    Info (12023): Found entity 1: contador_4_bits File: C:/Users/lanmarques/Desktop/Contador_Assincrono_Filtro/contador_4_bits.v Line: 1
Info (12021): Found 1 design units, including 1 entities, in source file decodificador.v
    Info (12023): Found entity 1: decodificador File: C:/Users/lanmarques/Desktop/Contador_Assincrono_Filtro/decodificador.v Line: 1
Info (12127): Elaborating entity "contador_assincrono_filtro" for the top level hierarchy
Warning (10034): Output port "seg" at contador_assincrono_filtro.v(7) has no driver File: C:/Users/lanmarques/Desktop/Contador_Assincrono_Filtro/contador_assincrono_filtro.v Line: 7
Info (12128): Elaborating entity "filtro" for hierarchy "filtro:filtro" File: C:/Users/lanmarques/Desktop/Contador_Assincrono_Filtro/contador_assincrono_filtro.v Line: 9
Warning (10034): Output port "S[3]" at filtro.v(1) has no driver File: C:/Users/lanmarques/Desktop/Contador_Assincrono_Filtro/filtro.v Line: 1
Info (12128): Elaborating entity "contador_4_bits" for hierarchy "contador_4_bits:contador_4_bits" File: C:/Users/lanmarques/Desktop/Contador_Assincrono_Filtro/contador_assincrono_filtro.v Line: 10
Warning (10230): Verilog HDL assignment warning at contador_4_bits.v(8): truncated value with size 4 to match size of target (1) File: C:/Users/lanmarques/Desktop/Contador_Assincrono_Filtro/contador_4_bits.v Line: 8
Warning (10230): Verilog HDL assignment warning at contador_4_bits.v(18): truncated value with size 4 to match size of target (1) File: C:/Users/lanmarques/Desktop/Contador_Assincrono_Filtro/contador_4_bits.v Line: 18
Info (12128): Elaborating entity "decodificador" for hierarchy "decodificador:decodificador" File: C:/Users/lanmarques/Desktop/Contador_Assincrono_Filtro/contador_assincrono_filtro.v Line: 11
Warning (12011): Net is missing source, defaulting to GND
    Warning (12110): Net "S[3]" is missing source, defaulting to GND File: C:/Users/lanmarques/Desktop/Contador_Assincrono_Filtro/contador_assincrono_filtro.v Line: 5
    Warning (12110): Net "S[2]" is missing source, defaulting to GND File: C:/Users/lanmarques/Desktop/Contador_Assincrono_Filtro/contador_assincrono_filtro.v Line: 5
    Warning (12110): Net "S[1]" is missing source, defaulting to GND File: C:/Users/lanmarques/Desktop/Contador_Assincrono_Filtro/contador_assincrono_filtro.v Line: 5
Warning (12011): Net is missing source, defaulting to GND
    Warning (12110): Net "S[3]" is missing source, defaulting to GND File: C:/Users/lanmarques/Desktop/Contador_Assincrono_Filtro/contador_assincrono_filtro.v Line: 5
    Warning (12110): Net "S[2]" is missing source, defaulting to GND File: C:/Users/lanmarques/Desktop/Contador_Assincrono_Filtro/contador_assincrono_filtro.v Line: 5
    Warning (12110): Net "S[1]" is missing source, defaulting to GND File: C:/Users/lanmarques/Desktop/Contador_Assincrono_Filtro/contador_assincrono_filtro.v Line: 5
Warning (12241): 3 hierarchies have connectivity warnings - see the Connectivity Checks report folder
Warning (13024): Output pins are stuck at VCC or GND
    Warning (13410): Pin "S[1]" is stuck at GND File: C:/Users/lanmarques/Desktop/Contador_Assincrono_Filtro/contador_assincrono_filtro.v Line: 5
    Warning (13410): Pin "S[2]" is stuck at GND File: C:/Users/lanmarques/Desktop/Contador_Assincrono_Filtro/contador_assincrono_filtro.v Line: 5
    Warning (13410): Pin "S[3]" is stuck at GND File: C:/Users/lanmarques/Desktop/Contador_Assincrono_Filtro/contador_assincrono_filtro.v Line: 5
    Warning (13410): Pin "b" is stuck at GND File: C:/Users/lanmarques/Desktop/Contador_Assincrono_Filtro/contador_assincrono_filtro.v Line: 6
    Warning (13410): Pin "c" is stuck at GND File: C:/Users/lanmarques/Desktop/Contador_Assincrono_Filtro/contador_assincrono_filtro.v Line: 6
    Warning (13410): Pin "g" is stuck at VCC File: C:/Users/lanmarques/Desktop/Contador_Assincrono_Filtro/contador_assincrono_filtro.v Line: 6
    Warning (13410): Pin "seg[0]" is stuck at GND File: C:/Users/lanmarques/Desktop/Contador_Assincrono_Filtro/contador_assincrono_filtro.v Line: 7
    Warning (13410): Pin "seg[1]" is stuck at GND File: C:/Users/lanmarques/Desktop/Contador_Assincrono_Filtro/contador_assincrono_filtro.v Line: 7
    Warning (13410): Pin "seg[2]" is stuck at GND File: C:/Users/lanmarques/Desktop/Contador_Assincrono_Filtro/contador_assincrono_filtro.v Line: 7
    Warning (13410): Pin "seg[3]" is stuck at GND File: C:/Users/lanmarques/Desktop/Contador_Assincrono_Filtro/contador_assincrono_filtro.v Line: 7
    Warning (13410): Pin "seg[4]" is stuck at GND File: C:/Users/lanmarques/Desktop/Contador_Assincrono_Filtro/contador_assincrono_filtro.v Line: 7
    Warning (13410): Pin "seg[5]" is stuck at GND File: C:/Users/lanmarques/Desktop/Contador_Assincrono_Filtro/contador_assincrono_filtro.v Line: 7
    Warning (13410): Pin "seg[6]" is stuck at GND File: C:/Users/lanmarques/Desktop/Contador_Assincrono_Filtro/contador_assincrono_filtro.v Line: 7
Info (286030): Timing-Driven Synthesis is running
Info (144001): Generated suppressed messages file C:/Users/lanmarques/Desktop/Contador_Assincrono_Filtro/output_files/contador_assincrono_filtro.map.smsg
Info (16010): Generating hard_block partition "hard_block:auto_generated_inst"
    Info (16011): Adding 0 node(s), including 0 DDIO, 0 PLL, 0 transceiver and 0 LCELL
Info (21057): Implemented 27 device resources after synthesis - the final resource count might be different
    Info (21058): Implemented 3 input pins
    Info (21059): Implemented 19 output pins
    Info (21061): Implemented 5 logic cells
Info: Quartus Prime Analysis & Synthesis was successful. 0 errors, 28 warnings
    Info: Peak virtual memory: 4797 megabytes
    Info: Processing ended: Wed Nov 29 14:51:31 2023
    Info: Elapsed time: 00:00:08
    Info: Total CPU time (on all processors): 00:00:06


+------------------------------------------+
; Analysis & Synthesis Suppressed Messages ;
+------------------------------------------+
The suppressed messages can be found in C:/Users/lanmarques/Desktop/Contador_Assincrono_Filtro/output_files/contador_assincrono_filtro.map.smsg.


