Analysis & Synthesis report for ula
Fri Sep 29 22:57:35 2023
Quartus Prime Version 20.1.0 Build 711 06/05/2020 SJ Standard Edition


---------------------
; Table of Contents ;
---------------------
  1. Legal Notice
  2. Analysis & Synthesis Summary
  3. Analysis & Synthesis Settings
  4. Parallel Compilation
  5. Analysis & Synthesis Source Files Read
  6. Analysis & Synthesis Resource Usage Summary
  7. Analysis & Synthesis Resource Utilization by Entity
  8. General Register Statistics
  9. Post-Synthesis Netlist Statistics for Top Partition
 10. Elapsed Time Per Partition
 11. Analysis & Synthesis Messages



----------------
; Legal Notice ;
----------------
Copyright (C) 2020  Intel Corporation. All rights reserved.
Your use of Intel Corporation's design tools, logic functions 
and other software and tools, and any partner logic 
functions, and any output files from any of the foregoing 
(including device programming or simulation files), and any 
associated documentation or information are expressly subject 
to the terms and conditions of the Intel Program License 
Subscription Agreement, the Intel Quartus Prime License Agreement,
the Intel FPGA IP License Agreement, or other applicable license
agreement, including, without limitation, that your use is for
the sole purpose of programming logic devices manufactured by
Intel and sold by Intel or its authorized distributors.  Please
refer to the applicable agreement for further details, at
https://fpgasoftware.intel.com/eula.



+--------------------------------------------------------------------------------------+
; Analysis & Synthesis Summary                                                         ;
+------------------------------------+-------------------------------------------------+
; Analysis & Synthesis Status        ; Successful - Fri Sep 29 22:57:35 2023           ;
; Quartus Prime Version              ; 20.1.0 Build 711 06/05/2020 SJ Standard Edition ;
; Revision Name                      ; ula                                             ;
; Top-level Entity Name              ; ula                                             ;
; Family                             ; Cyclone IV E                                    ;
; Total logic elements               ; 37                                              ;
;     Total combinational functions  ; 37                                              ;
;     Dedicated logic registers      ; 0                                               ;
; Total registers                    ; 0                                               ;
; Total pins                         ; 24                                              ;
; Total virtual pins                 ; 0                                               ;
; Total memory bits                  ; 0                                               ;
; Embedded Multiplier 9-bit elements ; 0                                               ;
; Total PLLs                         ; 0                                               ;
+------------------------------------+-------------------------------------------------+


+------------------------------------------------------------------------------------------------------------+
; Analysis & Synthesis Settings                                                                              ;
+------------------------------------------------------------------+--------------------+--------------------+
; Option                                                           ; Setting            ; Default Value      ;
+------------------------------------------------------------------+--------------------+--------------------+
; Device                                                           ; EP4CE115F29C7      ;                    ;
; Top-level entity name                                            ; ula                ; ula                ;
; Family name                                                      ; Cyclone IV E       ; Cyclone V          ;
; Use smart compilation                                            ; Off                ; Off                ;
; Enable parallel Assembler and Timing Analyzer during compilation ; On                 ; On                 ;
; Enable compact report table                                      ; Off                ; Off                ;
; Restructure Multiplexers                                         ; Auto               ; Auto               ;
; Create Debugging Nodes for IP Cores                              ; Off                ; Off                ;
; Preserve fewer node names                                        ; On                 ; On                 ;
; Intel FPGA IP Evaluation Mode                                    ; Enable             ; Enable             ;
; Verilog Version                                                  ; Verilog_2001       ; Verilog_2001       ;
; VHDL Version                                                     ; VHDL_1993          ; VHDL_1993          ;
; State Machine Processing                                         ; Auto               ; Auto               ;
; Safe State Machine                                               ; Off                ; Off                ;
; Extract Verilog State Machines                                   ; On                 ; On                 ;
; Extract VHDL State Machines                                      ; On                 ; On                 ;
; Ignore Verilog initial constructs                                ; Off                ; Off                ;
; Iteration limit for constant Verilog loops                       ; 5000               ; 5000               ;
; Iteration limit for non-constant Verilog loops                   ; 250                ; 250                ;
; Add Pass-Through Logic to Inferred RAMs                          ; On                 ; On                 ;
; Infer RAMs from Raw Logic                                        ; On                 ; On                 ;
; Parallel Synthesis                                               ; On                 ; On                 ;
; DSP Block Balancing                                              ; Auto               ; Auto               ;
; NOT Gate Push-Back                                               ; On                 ; On                 ;
; Power-Up Don't Care                                              ; On                 ; On                 ;
; Remove Redundant Logic Cells                                     ; Off                ; Off                ;
; Remove Duplicate Registers                                       ; On                 ; On                 ;
; Ignore CARRY Buffers                                             ; Off                ; Off                ;
; Ignore CASCADE Buffers                                           ; Off                ; Off                ;
; Ignore GLOBAL Buffers                                            ; Off                ; Off                ;
; Ignore ROW GLOBAL Buffers                                        ; Off                ; Off                ;
; Ignore LCELL Buffers                                             ; Off                ; Off                ;
; Ignore SOFT Buffers                                              ; On                 ; On                 ;
; Limit AHDL Integers to 32 Bits                                   ; Off                ; Off                ;
; Optimization Technique                                           ; Balanced           ; Balanced           ;
; Carry Chain Length                                               ; 70                 ; 70                 ;
; Auto Carry Chains                                                ; On                 ; On                 ;
; Auto Open-Drain Pins                                             ; On                 ; On                 ;
; Perform WYSIWYG Primitive Resynthesis                            ; Off                ; Off                ;
; Auto ROM Replacement                                             ; On                 ; On                 ;
; Auto RAM Replacement                                             ; On                 ; On                 ;
; Auto DSP Block Replacement                                       ; On                 ; On                 ;
; Auto Shift Register Replacement                                  ; Auto               ; Auto               ;
; Allow Shift Register Merging across Hierarchies                  ; Auto               ; Auto               ;
; Auto Clock Enable Replacement                                    ; On                 ; On                 ;
; Strict RAM Replacement                                           ; Off                ; Off                ;
; Allow Synchronous Control Signals                                ; On                 ; On                 ;
; Force Use of Synchronous Clear Signals                           ; Off                ; Off                ;
; Auto RAM Block Balancing                                         ; On                 ; On                 ;
; Auto RAM to Logic Cell Conversion                                ; Off                ; Off                ;
; Auto Resource Sharing                                            ; Off                ; Off                ;
; Allow Any RAM Size For Recognition                               ; Off                ; Off                ;
; Allow Any ROM Size For Recognition                               ; Off                ; Off                ;
; Allow Any Shift Register Size For Recognition                    ; Off                ; Off                ;
; Use LogicLock Constraints during Resource Balancing              ; On                 ; On                 ;
; Ignore translate_off and synthesis_off directives                ; Off                ; Off                ;
; Timing-Driven Synthesis                                          ; On                 ; On                 ;
; Report Parameter Settings                                        ; On                 ; On                 ;
; Report Source Assignments                                        ; On                 ; On                 ;
; Report Connectivity Checks                                       ; On                 ; On                 ;
; Ignore Maximum Fan-Out Assignments                               ; Off                ; Off                ;
; Synchronization Register Chain Length                            ; 2                  ; 2                  ;
; Power Optimization During Synthesis                              ; Normal compilation ; Normal compilation ;
; HDL message level                                                ; Level2             ; Level2             ;
; Suppress Register Optimization Related Messages                  ; Off                ; Off                ;
; Number of Removed Registers Reported in Synthesis Report         ; 5000               ; 5000               ;
; Number of Swept Nodes Reported in Synthesis Report               ; 5000               ; 5000               ;
; Number of Inverted Registers Reported in Synthesis Report        ; 100                ; 100                ;
; Clock MUX Protection                                             ; On                 ; On                 ;
; Auto Gated Clock Conversion                                      ; Off                ; Off                ;
; Block Design Naming                                              ; Auto               ; Auto               ;
; SDC constraint protection                                        ; Off                ; Off                ;
; Synthesis Effort                                                 ; Auto               ; Auto               ;
; Shift Register Replacement - Allow Asynchronous Clear Signal     ; On                 ; On                 ;
; Pre-Mapping Resynthesis Optimization                             ; Off                ; Off                ;
; Analysis & Synthesis Message Level                               ; Medium             ; Medium             ;
; Disable Register Merging Across Hierarchies                      ; Auto               ; Auto               ;
; Resource Aware Inference For Block RAM                           ; On                 ; On                 ;
+------------------------------------------------------------------+--------------------+--------------------+


+------------------------------------------+
; Parallel Compilation                     ;
+----------------------------+-------------+
; Processors                 ; Number      ;
+----------------------------+-------------+
; Number detected on machine ; 4           ;
; Maximum allowed            ; 4           ;
;                            ;             ;
; Average used               ; 1.00        ;
; Maximum used               ; 1           ;
;                            ;             ;
; Usage by Processor         ; % Time Used ;
;     Processor 1            ; 100.0%      ;
+----------------------------+-------------+


+-----------------------------------------------------------------------------------------------------------------------------------------------------------+
; Analysis & Synthesis Source Files Read                                                                                                                    ;
+----------------------------------+-----------------+------------------------------------------+-------------------------------------------------+---------+
; File Name with User-Entered Path ; Used in Netlist ; File Type                                ; File Name with Absolute Path                    ; Library ;
+----------------------------------+-----------------+------------------------------------------+-------------------------------------------------+---------+
; ula.bdf                          ; yes             ; Auto-Found Block Diagram/Schematic File  ; /home/aluno/Downloads/ULA/ula.bdf               ;         ;
; decodificador_ula.bdf            ; yes             ; Auto-Found Block Diagram/Schematic File  ; /home/aluno/Downloads/ULA/decodificador_ula.bdf ;         ;
; multiplexador.bdf                ; yes             ; Auto-Found Block Diagram/Schematic File  ; /home/aluno/Downloads/ULA/multiplexador.bdf     ;         ;
; add_sub.bdf                      ; yes             ; Auto-Found Block Diagram/Schematic File  ; /home/aluno/Downloads/ULA/add_sub.bdf           ;         ;
; sub.bdf                          ; yes             ; Auto-Found Block Diagram/Schematic File  ; /home/aluno/Downloads/ULA/sub.bdf               ;         ;
; fulladd.bdf                      ; yes             ; Auto-Found Block Diagram/Schematic File  ; /home/aluno/Downloads/ULA/fulladd.bdf           ;         ;
; mult.bdf                         ; yes             ; Auto-Found Block Diagram/Schematic File  ; /home/aluno/Downloads/ULA/mult.bdf              ;         ;
; mm.bdf                           ; yes             ; Auto-Found Block Diagram/Schematic File  ; /home/aluno/Downloads/ULA/mm.bdf                ;         ;
+----------------------------------+-----------------+------------------------------------------+-------------------------------------------------+---------+


+--------------------------------------------------------+
; Analysis & Synthesis Resource Usage Summary            ;
+---------------------------------------------+----------+
; Resource                                    ; Usage    ;
+---------------------------------------------+----------+
; Estimated Total logic elements              ; 37       ;
;                                             ;          ;
; Total combinational functions               ; 37       ;
; Logic element usage by number of LUT inputs ;          ;
;     -- 4 input functions                    ; 33       ;
;     -- 3 input functions                    ; 0        ;
;     -- <=2 input functions                  ; 4        ;
;                                             ;          ;
; Logic elements by mode                      ;          ;
;     -- normal mode                          ; 37       ;
;     -- arithmetic mode                      ; 0        ;
;                                             ;          ;
; Total registers                             ; 0        ;
;     -- Dedicated logic registers            ; 0        ;
;     -- I/O registers                        ; 0        ;
;                                             ;          ;
; I/O pins                                    ; 24       ;
;                                             ;          ;
; Embedded Multiplier 9-bit elements          ; 0        ;
;                                             ;          ;
; Maximum fan-out node                        ; S1~input ;
; Maximum fan-out                             ; 10       ;
; Total fan-out                               ; 176      ;
; Average fan-out                             ; 2.07     ;
+---------------------------------------------+----------+


+-------------------------------------------------------------------------------------------------------------------------------------------------------------------------------------------------------------------------------------------+
; Analysis & Synthesis Resource Utilization by Entity                                                                                                                                                                                       ;
+------------------------------+---------------------+---------------------------+-------------+--------------+---------+-----------+------+--------------+----------------------------------------------+-------------------+--------------+
; Compilation Hierarchy Node   ; Combinational ALUTs ; Dedicated Logic Registers ; Memory Bits ; DSP Elements ; DSP 9x9 ; DSP 18x18 ; Pins ; Virtual Pins ; Full Hierarchy Name                          ; Entity Name       ; Library Name ;
+------------------------------+---------------------+---------------------------+-------------+--------------+---------+-----------+------+--------------+----------------------------------------------+-------------------+--------------+
; |ula                         ; 37 (0)              ; 0 (0)                     ; 0           ; 0            ; 0       ; 0         ; 24   ; 0            ; |ula                                         ; ula               ; work         ;
;    |add_sub:inst23|          ; 8 (0)               ; 0 (0)                     ; 0           ; 0            ; 0       ; 0         ; 0    ; 0            ; |ula|add_sub:inst23                          ; add_sub           ; work         ;
;       |sub:inst2|            ; 2 (0)               ; 0 (0)                     ; 0           ; 0            ; 0       ; 0         ; 0    ; 0            ; |ula|add_sub:inst23|sub:inst2                ; sub               ; work         ;
;          |fulladd:inst10|    ; 2 (2)               ; 0 (0)                     ; 0           ; 0            ; 0       ; 0         ; 0    ; 0            ; |ula|add_sub:inst23|sub:inst2|fulladd:inst10 ; fulladd           ; work         ;
;       |sub:inst5|            ; 2 (0)               ; 0 (0)                     ; 0           ; 0            ; 0       ; 0         ; 0    ; 0            ; |ula|add_sub:inst23|sub:inst5                ; sub               ; work         ;
;          |fulladd:inst10|    ; 2 (2)               ; 0 (0)                     ; 0           ; 0            ; 0       ; 0         ; 0    ; 0            ; |ula|add_sub:inst23|sub:inst5|fulladd:inst10 ; fulladd           ; work         ;
;       |sub:inst6|            ; 2 (0)               ; 0 (0)                     ; 0           ; 0            ; 0       ; 0         ; 0    ; 0            ; |ula|add_sub:inst23|sub:inst6                ; sub               ; work         ;
;          |fulladd:inst10|    ; 2 (2)               ; 0 (0)                     ; 0           ; 0            ; 0       ; 0         ; 0    ; 0            ; |ula|add_sub:inst23|sub:inst6|fulladd:inst10 ; fulladd           ; work         ;
;       |sub:inst|             ; 2 (0)               ; 0 (0)                     ; 0           ; 0            ; 0       ; 0         ; 0    ; 0            ; |ula|add_sub:inst23|sub:inst                 ; sub               ; work         ;
;          |fulladd:inst10|    ; 2 (2)               ; 0 (0)                     ; 0           ; 0            ; 0       ; 0         ; 0    ; 0            ; |ula|add_sub:inst23|sub:inst|fulladd:inst10  ; fulladd           ; work         ;
;    |decodificador_ula:inst8| ; 7 (7)               ; 0 (0)                     ; 0           ; 0            ; 0       ; 0         ; 0    ; 0            ; |ula|decodificador_ula:inst8                 ; decodificador_ula ; work         ;
;    |mult:inst3|              ; 10 (1)              ; 0 (0)                     ; 0           ; 0            ; 0       ; 0         ; 0    ; 0            ; |ula|mult:inst3                              ; mult              ; work         ;
;       |mm:inst2|             ; 1 (1)               ; 0 (0)                     ; 0           ; 0            ; 0       ; 0         ; 0    ; 0            ; |ula|mult:inst3|mm:inst2                     ; mm                ; work         ;
;       |mm:inst3|             ; 2 (0)               ; 0 (0)                     ; 0           ; 0            ; 0       ; 0         ; 0    ; 0            ; |ula|mult:inst3|mm:inst3                     ; mm                ; work         ;
;          |fulladd:inst|      ; 2 (2)               ; 0 (0)                     ; 0           ; 0            ; 0       ; 0         ; 0    ; 0            ; |ula|mult:inst3|mm:inst3|fulladd:inst        ; fulladd           ; work         ;
;       |mm:inst6|             ; 3 (1)               ; 0 (0)                     ; 0           ; 0            ; 0       ; 0         ; 0    ; 0            ; |ula|mult:inst3|mm:inst6                     ; mm                ; work         ;
;          |fulladd:inst|      ; 2 (2)               ; 0 (0)                     ; 0           ; 0            ; 0       ; 0         ; 0    ; 0            ; |ula|mult:inst3|mm:inst6|fulladd:inst        ; fulladd           ; work         ;
;       |mm:inst9|             ; 3 (0)               ; 0 (0)                     ; 0           ; 0            ; 0       ; 0         ; 0    ; 0            ; |ula|mult:inst3|mm:inst9                     ; mm                ; work         ;
;          |fulladd:inst|      ; 3 (3)               ; 0 (0)                     ; 0           ; 0            ; 0       ; 0         ; 0    ; 0            ; |ula|mult:inst3|mm:inst9|fulladd:inst        ; fulladd           ; work         ;
;    |multiplexador:inst4|     ; 3 (3)               ; 0 (0)                     ; 0           ; 0            ; 0       ; 0         ; 0    ; 0            ; |ula|multiplexador:inst4                     ; multiplexador     ; work         ;
;    |multiplexador:inst5|     ; 2 (2)               ; 0 (0)                     ; 0           ; 0            ; 0       ; 0         ; 0    ; 0            ; |ula|multiplexador:inst5                     ; multiplexador     ; work         ;
;    |multiplexador:inst6|     ; 4 (4)               ; 0 (0)                     ; 0           ; 0            ; 0       ; 0         ; 0    ; 0            ; |ula|multiplexador:inst6                     ; multiplexador     ; work         ;
;    |multiplexador:inst7|     ; 3 (3)               ; 0 (0)                     ; 0           ; 0            ; 0       ; 0         ; 0    ; 0            ; |ula|multiplexador:inst7                     ; multiplexador     ; work         ;
+------------------------------+---------------------+---------------------------+-------------+--------------+---------+-----------+------+--------------+----------------------------------------------+-------------------+--------------+
Note: For table entries with two numbers listed, the numbers in parentheses indicate the number of resources of the given type used by the specific entity alone. The numbers listed outside of parentheses indicate the total resources of the given type used by the specific entity and all of its sub-entities in the hierarchy.


+------------------------------------------------------+
; General Register Statistics                          ;
+----------------------------------------------+-------+
; Statistic                                    ; Value ;
+----------------------------------------------+-------+
; Total registers                              ; 0     ;
; Number of registers using Synchronous Clear  ; 0     ;
; Number of registers using Synchronous Load   ; 0     ;
; Number of registers using Asynchronous Clear ; 0     ;
; Number of registers using Asynchronous Load  ; 0     ;
; Number of registers using Clock Enable       ; 0     ;
; Number of registers using Preset             ; 0     ;
+----------------------------------------------+-------+


+-----------------------------------------------------+
; Post-Synthesis Netlist Statistics for Top Partition ;
+-----------------------+-----------------------------+
; Type                  ; Count                       ;
+-----------------------+-----------------------------+
; boundary_port         ; 24                          ;
; cycloneiii_lcell_comb ; 46                          ;
;     normal            ; 46                          ;
;         1 data inputs ; 9                           ;
;         2 data inputs ; 4                           ;
;         4 data inputs ; 33                          ;
;                       ;                             ;
; Max LUT depth         ; 7.00                        ;
; Average LUT depth     ; 6.16                        ;
+-----------------------+-----------------------------+


+-------------------------------+
; Elapsed Time Per Partition    ;
+----------------+--------------+
; Partition Name ; Elapsed Time ;
+----------------+--------------+
; Top            ; 00:00:00     ;
+----------------+--------------+


+-------------------------------+
; Analysis & Synthesis Messages ;
+-------------------------------+
Info: *******************************************************************
Info: Running Quartus Prime Analysis & Synthesis
    Info: Version 20.1.0 Build 711 06/05/2020 SJ Standard Edition
    Info: Processing started: Fri Sep 29 22:57:25 2023
Info: Command: quartus_map --read_settings_files=on --write_settings_files=off ula -c ula
Warning (18236): Number of processors has not been specified which may cause overloading on shared machines.  Set the global assignment NUM_PARALLEL_PROCESSORS in your QSF to an appropriate value for best performance.
Info (20030): Parallel compilation is enabled and will use 4 of the 4 processors detected
Warning (12125): Using design file ula.bdf, which is not specified as a design file for the current project, but contains definitions for 1 design units and 1 entities in project
    Info (12023): Found entity 1: ula
Info (12127): Elaborating entity "ula" for the top level hierarchy
Warning (12125): Using design file decodificador_ula.bdf, which is not specified as a design file for the current project, but contains definitions for 1 design units and 1 entities in project
    Info (12023): Found entity 1: decodificador_ula
Info (12128): Elaborating entity "decodificador_ula" for hierarchy "decodificador_ula:inst8"
Warning (275011): Block or symbol "OR2" of instance "instGG" overlaps another block or symbol
Warning (12125): Using design file multiplexador.bdf, which is not specified as a design file for the current project, but contains definitions for 1 design units and 1 entities in project
    Info (12023): Found entity 1: multiplexador
Info (12128): Elaborating entity "multiplexador" for hierarchy "multiplexador:inst7"
Warning (12125): Using design file add_sub.bdf, which is not specified as a design file for the current project, but contains definitions for 1 design units and 1 entities in project
    Info (12023): Found entity 1: add_sub
Info (12128): Elaborating entity "add_sub" for hierarchy "add_sub:inst23"
Warning (12125): Using design file sub.bdf, which is not specified as a design file for the current project, but contains definitions for 1 design units and 1 entities in project
    Info (12023): Found entity 1: sub
Info (12128): Elaborating entity "sub" for hierarchy "add_sub:inst23|sub:inst"
Warning (12125): Using design file fulladd.bdf, which is not specified as a design file for the current project, but contains definitions for 1 design units and 1 entities in project
    Info (12023): Found entity 1: fulladd
Info (12128): Elaborating entity "fulladd" for hierarchy "add_sub:inst23|sub:inst|fulladd:inst10"
Warning (12125): Using design file mult.bdf, which is not specified as a design file for the current project, but contains definitions for 1 design units and 1 entities in project
    Info (12023): Found entity 1: mult
Info (12128): Elaborating entity "mult" for hierarchy "mult:inst3"
Warning (12125): Using design file mm.bdf, which is not specified as a design file for the current project, but contains definitions for 1 design units and 1 entities in project
    Info (12023): Found entity 1: mm
Info (12128): Elaborating entity "mm" for hierarchy "mult:inst3|mm:inst3"
Info (286030): Timing-Driven Synthesis is running
Info (16010): Generating hard_block partition "hard_block:auto_generated_inst"
    Info (16011): Adding 0 node(s), including 0 DDIO, 0 PLL, 0 transceiver and 0 LCELL
Info (21057): Implemented 61 device resources after synthesis - the final resource count might be different
    Info (21058): Implemented 12 input pins
    Info (21059): Implemented 12 output pins
    Info (21061): Implemented 37 logic cells
Info: Quartus Prime Analysis & Synthesis was successful. 0 errors, 10 warnings
    Info: Peak virtual memory: 426 megabytes
    Info: Processing ended: Fri Sep 29 22:57:35 2023
    Info: Elapsed time: 00:00:10
    Info: Total CPU time (on all processors): 00:00:22


