Analysis & Synthesis report for Maquina_de_Moore
Fri Dec  8 23:45:15 2023
Quartus Prime Version 20.1.0 Build 711 06/05/2020 SJ Standard Edition


---------------------
; Table of Contents ;
---------------------
  1. Legal Notice
  2. Analysis & Synthesis Summary
  3. Analysis & Synthesis Settings
  4. Parallel Compilation
  5. Analysis & Synthesis Source Files Read
  6. Analysis & Synthesis Resource Usage Summary
  7. Analysis & Synthesis Resource Utilization by Entity
  8. General Register Statistics
  9. Parameter Settings for User Entity Instance: Top-level Entity: |Maquina_de_Moore
 10. Port Connectivity Checks: "Divisor_de_Frequencia:Divisor_de_Frequencia"
 11. Post-Synthesis Netlist Statistics for Top Partition
 12. Elapsed Time Per Partition
 13. Analysis & Synthesis Messages



----------------
; Legal Notice ;
----------------
Copyright (C) 2020  Intel Corporation. All rights reserved.
Your use of Intel Corporation's design tools, logic functions 
and other software and tools, and any partner logic 
functions, and any output files from any of the foregoing 
(including device programming or simulation files), and any 
associated documentation or information are expressly subject 
to the terms and conditions of the Intel Program License 
Subscription Agreement, the Intel Quartus Prime License Agreement,
the Intel FPGA IP License Agreement, or other applicable license
agreement, including, without limitation, that your use is for
the sole purpose of programming logic devices manufactured by
Intel and sold by Intel or its authorized distributors.  Please
refer to the applicable agreement for further details, at
https://fpgasoftware.intel.com/eula.



+--------------------------------------------------------------------------------------+
; Analysis & Synthesis Summary                                                         ;
+------------------------------------+-------------------------------------------------+
; Analysis & Synthesis Status        ; Successful - Fri Dec  8 23:45:15 2023           ;
; Quartus Prime Version              ; 20.1.0 Build 711 06/05/2020 SJ Standard Edition ;
; Revision Name                      ; Maquina_de_Moore                                ;
; Top-level Entity Name              ; Maquina_de_Moore                                ;
; Family                             ; Cyclone IV E                                    ;
; Total logic elements               ; 71                                              ;
;     Total combinational functions  ; 71                                              ;
;     Dedicated logic registers      ; 31                                              ;
; Total registers                    ; 31                                              ;
; Total pins                         ; 24                                              ;
; Total virtual pins                 ; 0                                               ;
; Total memory bits                  ; 0                                               ;
; Embedded Multiplier 9-bit elements ; 0                                               ;
; Total PLLs                         ; 0                                               ;
+------------------------------------+-------------------------------------------------+


+------------------------------------------------------------------------------------------------------------+
; Analysis & Synthesis Settings                                                                              ;
+------------------------------------------------------------------+--------------------+--------------------+
; Option                                                           ; Setting            ; Default Value      ;
+------------------------------------------------------------------+--------------------+--------------------+
; Device                                                           ; EP4CE115F29C7      ;                    ;
; Top-level entity name                                            ; Maquina_de_Moore   ; Maquina_de_Moore   ;
; Family name                                                      ; Cyclone IV E       ; Cyclone V          ;
; Use smart compilation                                            ; Off                ; Off                ;
; Enable parallel Assembler and Timing Analyzer during compilation ; On                 ; On                 ;
; Enable compact report table                                      ; Off                ; Off                ;
; Restructure Multiplexers                                         ; Auto               ; Auto               ;
; Create Debugging Nodes for IP Cores                              ; Off                ; Off                ;
; Preserve fewer node names                                        ; On                 ; On                 ;
; Intel FPGA IP Evaluation Mode                                    ; Enable             ; Enable             ;
; Verilog Version                                                  ; Verilog_2001       ; Verilog_2001       ;
; VHDL Version                                                     ; VHDL_1993          ; VHDL_1993          ;
; State Machine Processing                                         ; Auto               ; Auto               ;
; Safe State Machine                                               ; Off                ; Off                ;
; Extract Verilog State Machines                                   ; On                 ; On                 ;
; Extract VHDL State Machines                                      ; On                 ; On                 ;
; Ignore Verilog initial constructs                                ; Off                ; Off                ;
; Iteration limit for constant Verilog loops                       ; 5000               ; 5000               ;
; Iteration limit for non-constant Verilog loops                   ; 250                ; 250                ;
; Add Pass-Through Logic to Inferred RAMs                          ; On                 ; On                 ;
; Infer RAMs from Raw Logic                                        ; On                 ; On                 ;
; Parallel Synthesis                                               ; On                 ; On                 ;
; DSP Block Balancing                                              ; Auto               ; Auto               ;
; NOT Gate Push-Back                                               ; On                 ; On                 ;
; Power-Up Don't Care                                              ; On                 ; On                 ;
; Remove Redundant Logic Cells                                     ; Off                ; Off                ;
; Remove Duplicate Registers                                       ; On                 ; On                 ;
; Ignore CARRY Buffers                                             ; Off                ; Off                ;
; Ignore CASCADE Buffers                                           ; Off                ; Off                ;
; Ignore GLOBAL Buffers                                            ; Off                ; Off                ;
; Ignore ROW GLOBAL Buffers                                        ; Off                ; Off                ;
; Ignore LCELL Buffers                                             ; Off                ; Off                ;
; Ignore SOFT Buffers                                              ; On                 ; On                 ;
; Limit AHDL Integers to 32 Bits                                   ; Off                ; Off                ;
; Optimization Technique                                           ; Balanced           ; Balanced           ;
; Carry Chain Length                                               ; 70                 ; 70                 ;
; Auto Carry Chains                                                ; On                 ; On                 ;
; Auto Open-Drain Pins                                             ; On                 ; On                 ;
; Perform WYSIWYG Primitive Resynthesis                            ; Off                ; Off                ;
; Auto ROM Replacement                                             ; On                 ; On                 ;
; Auto RAM Replacement                                             ; On                 ; On                 ;
; Auto DSP Block Replacement                                       ; On                 ; On                 ;
; Auto Shift Register Replacement                                  ; Auto               ; Auto               ;
; Allow Shift Register Merging across Hierarchies                  ; Auto               ; Auto               ;
; Auto Clock Enable Replacement                                    ; On                 ; On                 ;
; Strict RAM Replacement                                           ; Off                ; Off                ;
; Allow Synchronous Control Signals                                ; On                 ; On                 ;
; Force Use of Synchronous Clear Signals                           ; Off                ; Off                ;
; Auto RAM Block Balancing                                         ; On                 ; On                 ;
; Auto RAM to Logic Cell Conversion                                ; Off                ; Off                ;
; Auto Resource Sharing                                            ; Off                ; Off                ;
; Allow Any RAM Size For Recognition                               ; Off                ; Off                ;
; Allow Any ROM Size For Recognition                               ; Off                ; Off                ;
; Allow Any Shift Register Size For Recognition                    ; Off                ; Off                ;
; Use LogicLock Constraints during Resource Balancing              ; On                 ; On                 ;
; Ignore translate_off and synthesis_off directives                ; Off                ; Off                ;
; Timing-Driven Synthesis                                          ; On                 ; On                 ;
; Report Parameter Settings                                        ; On                 ; On                 ;
; Report Source Assignments                                        ; On                 ; On                 ;
; Report Connectivity Checks                                       ; On                 ; On                 ;
; Ignore Maximum Fan-Out Assignments                               ; Off                ; Off                ;
; Synchronization Register Chain Length                            ; 2                  ; 2                  ;
; Power Optimization During Synthesis                              ; Normal compilation ; Normal compilation ;
; HDL message level                                                ; Level2             ; Level2             ;
; Suppress Register Optimization Related Messages                  ; Off                ; Off                ;
; Number of Removed Registers Reported in Synthesis Report         ; 5000               ; 5000               ;
; Number of Swept Nodes Reported in Synthesis Report               ; 5000               ; 5000               ;
; Number of Inverted Registers Reported in Synthesis Report        ; 100                ; 100                ;
; Clock MUX Protection                                             ; On                 ; On                 ;
; Auto Gated Clock Conversion                                      ; Off                ; Off                ;
; Block Design Naming                                              ; Auto               ; Auto               ;
; SDC constraint protection                                        ; Off                ; Off                ;
; Synthesis Effort                                                 ; Auto               ; Auto               ;
; Shift Register Replacement - Allow Asynchronous Clear Signal     ; On                 ; On                 ;
; Pre-Mapping Resynthesis Optimization                             ; Off                ; Off                ;
; Analysis & Synthesis Message Level                               ; Medium             ; Medium             ;
; Disable Register Merging Across Hierarchies                      ; Auto               ; Auto               ;
; Resource Aware Inference For Block RAM                           ; On                 ; On                 ;
+------------------------------------------------------------------+--------------------+--------------------+


+------------------------------------------+
; Parallel Compilation                     ;
+----------------------------+-------------+
; Processors                 ; Number      ;
+----------------------------+-------------+
; Number detected on machine ; 4           ;
; Maximum allowed            ; 4           ;
;                            ;             ;
; Average used               ; 1.00        ;
; Maximum used               ; 4           ;
;                            ;             ;
; Usage by Processor         ; % Time Used ;
;     Processor 1            ; 100.0%      ;
;     Processor 2            ;   0.0%      ;
;     Processors 3-4         ;   0.0%      ;
+----------------------------+-------------+


+----------------------------------------------------------------------------------------------------------------------------------------------------+
; Analysis & Synthesis Source Files Read                                                                                                             ;
+----------------------------------+-----------------+------------------------------+------------------------------------------------------+---------+
; File Name with User-Entered Path ; Used in Netlist ; File Type                    ; File Name with Absolute Path                         ; Library ;
+----------------------------------+-----------------+------------------------------+------------------------------------------------------+---------+
; Decodificador.v                  ; yes             ; User Verilog HDL File        ; /home/aluno/Documentos/Moore/Decodificador.v         ;         ;
; Divisor_de_Frequencia.v          ; yes             ; User Verilog HDL File        ; /home/aluno/Documentos/Moore/Divisor_de_Frequencia.v ;         ;
; Maquina_de_Moore.v               ; yes             ; Auto-Found Verilog HDL File  ; /home/aluno/Documentos/Moore/Maquina_de_Moore.v      ;         ;
+----------------------------------+-----------------+------------------------------+------------------------------------------------------+---------+


+-------------------------------------------------------------------+
; Analysis & Synthesis Resource Usage Summary                       ;
+---------------------------------------------+---------------------+
; Resource                                    ; Usage               ;
+---------------------------------------------+---------------------+
; Estimated Total logic elements              ; 71                  ;
;                                             ;                     ;
; Total combinational functions               ; 71                  ;
; Logic element usage by number of LUT inputs ;                     ;
;     -- 4 input functions                    ; 29                  ;
;     -- 3 input functions                    ; 1                   ;
;     -- <=2 input functions                  ; 41                  ;
;                                             ;                     ;
; Logic elements by mode                      ;                     ;
;     -- normal mode                          ; 46                  ;
;     -- arithmetic mode                      ; 25                  ;
;                                             ;                     ;
; Total registers                             ; 31                  ;
;     -- Dedicated logic registers            ; 31                  ;
;     -- I/O registers                        ; 0                   ;
;                                             ;                     ;
; I/O pins                                    ; 24                  ;
;                                             ;                     ;
; Embedded Multiplier 9-bit elements          ; 0                   ;
;                                             ;                     ;
; Maximum fan-out node                        ; clock_inicial~input ;
; Maximum fan-out                             ; 27                  ;
; Total fan-out                               ; 310                 ;
; Average fan-out                             ; 2.07                ;
+---------------------------------------------+---------------------+


+------------------------------------------------------------------------------------------------------------------------------------------------------------------------------------------------------------------------------------------------------------------------------------+
; Analysis & Synthesis Resource Utilization by Entity                                                                                                                                                                                                                                ;
+--------------------------------------------------+---------------------+---------------------------+-------------+--------------+---------+-----------+------+--------------+---------------------------------------------------------------+-----------------------+--------------+
; Compilation Hierarchy Node                       ; Combinational ALUTs ; Dedicated Logic Registers ; Memory Bits ; DSP Elements ; DSP 9x9 ; DSP 18x18 ; Pins ; Virtual Pins ; Full Hierarchy Name                                           ; Entity Name           ; Library Name ;
+--------------------------------------------------+---------------------+---------------------------+-------------+--------------+---------+-----------+------+--------------+---------------------------------------------------------------+-----------------------+--------------+
; |Maquina_de_Moore                                ; 71 (16)             ; 31 (4)                    ; 0           ; 0            ; 0       ; 0         ; 24   ; 0            ; |Maquina_de_Moore                                             ; Maquina_de_Moore      ; work         ;
;    |Decodificador:Decodificador|                 ; 7 (7)               ; 0 (0)                     ; 0           ; 0            ; 0       ; 0         ; 0    ; 0            ; |Maquina_de_Moore|Decodificador:Decodificador                 ; Decodificador         ; work         ;
;    |Divisor_de_Frequencia:Divisor_de_Frequencia| ; 48 (48)             ; 27 (27)                   ; 0           ; 0            ; 0       ; 0         ; 0    ; 0            ; |Maquina_de_Moore|Divisor_de_Frequencia:Divisor_de_Frequencia ; Divisor_de_Frequencia ; work         ;
+--------------------------------------------------+---------------------+---------------------------+-------------+--------------+---------+-----------+------+--------------+---------------------------------------------------------------+-----------------------+--------------+
Note: For table entries with two numbers listed, the numbers in parentheses indicate the number of resources of the given type used by the specific entity alone. The numbers listed outside of parentheses indicate the total resources of the given type used by the specific entity and all of its sub-entities in the hierarchy.


+------------------------------------------------------+
; General Register Statistics                          ;
+----------------------------------------------+-------+
; Statistic                                    ; Value ;
+----------------------------------------------+-------+
; Total registers                              ; 31    ;
; Number of registers using Synchronous Clear  ; 0     ;
; Number of registers using Synchronous Load   ; 0     ;
; Number of registers using Asynchronous Clear ; 4     ;
; Number of registers using Asynchronous Load  ; 0     ;
; Number of registers using Clock Enable       ; 0     ;
; Number of registers using Preset             ; 0     ;
+----------------------------------------------+-------+


+----------------------------------------------------------------------------------+
; Parameter Settings for User Entity Instance: Top-level Entity: |Maquina_de_Moore ;
+----------------+-------+---------------------------------------------------------+
; Parameter Name ; Value ; Type                                                    ;
+----------------+-------+---------------------------------------------------------+
; A              ; 0000  ; Unsigned Binary                                         ;
; B              ; 0001  ; Unsigned Binary                                         ;
; C              ; 0010  ; Unsigned Binary                                         ;
; D              ; 0011  ; Unsigned Binary                                         ;
; E              ; 0100  ; Unsigned Binary                                         ;
; F              ; 0101  ; Unsigned Binary                                         ;
; G              ; 0110  ; Unsigned Binary                                         ;
; H              ; 0111  ; Unsigned Binary                                         ;
; I              ; 1000  ; Unsigned Binary                                         ;
; J              ; 1001  ; Unsigned Binary                                         ;
; K              ; 1111  ; Unsigned Binary                                         ;
+----------------+-------+---------------------------------------------------------+
Note: In order to hide this table in the UI and the text report file, please set the "Show Parameter Settings in Synthesis Report" option in "Analysis and Synthesis Settings -> More Settings" to "Off".


+-------------------------------------------------------------------------------------------------------------------------------------+
; Port Connectivity Checks: "Divisor_de_Frequencia:Divisor_de_Frequencia"                                                             ;
+------+--------+----------+----------------------------------------------------------------------------------------------------------+
; Port ; Type   ; Severity ; Details                                                                                                  ;
+------+--------+----------+----------------------------------------------------------------------------------------------------------+
; INT  ; Output ; Warning  ; Declared by entity but not connected by instance. Logic that only feeds a dangling port will be removed. ;
+------+--------+----------+----------------------------------------------------------------------------------------------------------+


+-----------------------------------------------------+
; Post-Synthesis Netlist Statistics for Top Partition ;
+-----------------------+-----------------------------+
; Type                  ; Count                       ;
+-----------------------+-----------------------------+
; boundary_port         ; 24                          ;
; cycloneiii_ff         ; 31                          ;
;     CLR               ; 4                           ;
;     plain             ; 27                          ;
; cycloneiii_lcell_comb ; 74                          ;
;     arith             ; 25                          ;
;         2 data inputs ; 25                          ;
;     normal            ; 49                          ;
;         1 data inputs ; 4                           ;
;         2 data inputs ; 15                          ;
;         3 data inputs ; 1                           ;
;         4 data inputs ; 29                          ;
;                       ;                             ;
; Max LUT depth         ; 4.50                        ;
; Average LUT depth     ; 3.16                        ;
+-----------------------+-----------------------------+


+-------------------------------+
; Elapsed Time Per Partition    ;
+----------------+--------------+
; Partition Name ; Elapsed Time ;
+----------------+--------------+
; Top            ; 00:00:00     ;
+----------------+--------------+


+-------------------------------+
; Analysis & Synthesis Messages ;
+-------------------------------+
Info: *******************************************************************
Info: Running Quartus Prime Analysis & Synthesis
    Info: Version 20.1.0 Build 711 06/05/2020 SJ Standard Edition
    Info: Processing started: Fri Dec  8 23:45:05 2023
Info: Command: quartus_map --read_settings_files=on --write_settings_files=off Maquina_de_Moore -c Maquina_de_Moore
Warning (18236): Number of processors has not been specified which may cause overloading on shared machines.  Set the global assignment NUM_PARALLEL_PROCESSORS in your QSF to an appropriate value for best performance.
Info (20030): Parallel compilation is enabled and will use 4 of the 4 processors detected
Info (12021): Found 1 design units, including 1 entities, in source file Registrador.v
    Info (12023): Found entity 1: Registrador File: /home/aluno/Documentos/Moore/Registrador.v Line: 1
Info (12021): Found 1 design units, including 1 entities, in source file moore_Entrada.v
    Info (12023): Found entity 1: moore_Entrada File: /home/aluno/Documentos/Moore/moore_Entrada.v Line: 1
Info (12021): Found 1 design units, including 1 entities, in source file moore_Saida.v
    Info (12023): Found entity 1: moore_Saida File: /home/aluno/Documentos/Moore/moore_Saida.v Line: 1
Info (12021): Found 1 design units, including 1 entities, in source file Decodificador.v
    Info (12023): Found entity 1: Decodificador File: /home/aluno/Documentos/Moore/Decodificador.v Line: 1
Info (12021): Found 1 design units, including 1 entities, in source file Divisor_de_Frequencia.v
    Info (12023): Found entity 1: Divisor_de_Frequencia File: /home/aluno/Documentos/Moore/Divisor_de_Frequencia.v Line: 1
Warning (12125): Using design file Maquina_de_Moore.v, which is not specified as a design file for the current project, but contains definitions for 1 design units and 1 entities in project
    Info (12023): Found entity 1: Maquina_de_Moore File: /home/aluno/Documentos/Moore/Maquina_de_Moore.v Line: 1
Info (12127): Elaborating entity "Maquina_de_Moore" for the top level hierarchy
Warning (10235): Verilog HDL Always Construct warning at Maquina_de_Moore.v(28): variable "DOWN" is read inside the Always Construct but isn't in the Always Construct's Event Control File: /home/aluno/Documentos/Moore/Maquina_de_Moore.v Line: 28
Warning (10235): Verilog HDL Always Construct warning at Maquina_de_Moore.v(33): variable "DOWN" is read inside the Always Construct but isn't in the Always Construct's Event Control File: /home/aluno/Documentos/Moore/Maquina_de_Moore.v Line: 33
Warning (10235): Verilog HDL Always Construct warning at Maquina_de_Moore.v(39): variable "DOWN" is read inside the Always Construct but isn't in the Always Construct's Event Control File: /home/aluno/Documentos/Moore/Maquina_de_Moore.v Line: 39
Warning (10235): Verilog HDL Always Construct warning at Maquina_de_Moore.v(44): variable "DOWN" is read inside the Always Construct but isn't in the Always Construct's Event Control File: /home/aluno/Documentos/Moore/Maquina_de_Moore.v Line: 44
Warning (10235): Verilog HDL Always Construct warning at Maquina_de_Moore.v(50): variable "DOWN" is read inside the Always Construct but isn't in the Always Construct's Event Control File: /home/aluno/Documentos/Moore/Maquina_de_Moore.v Line: 50
Warning (10235): Verilog HDL Always Construct warning at Maquina_de_Moore.v(55): variable "DOWN" is read inside the Always Construct but isn't in the Always Construct's Event Control File: /home/aluno/Documentos/Moore/Maquina_de_Moore.v Line: 55
Warning (10235): Verilog HDL Always Construct warning at Maquina_de_Moore.v(61): variable "DOWN" is read inside the Always Construct but isn't in the Always Construct's Event Control File: /home/aluno/Documentos/Moore/Maquina_de_Moore.v Line: 61
Warning (10235): Verilog HDL Always Construct warning at Maquina_de_Moore.v(66): variable "DOWN" is read inside the Always Construct but isn't in the Always Construct's Event Control File: /home/aluno/Documentos/Moore/Maquina_de_Moore.v Line: 66
Warning (10235): Verilog HDL Always Construct warning at Maquina_de_Moore.v(72): variable "DOWN" is read inside the Always Construct but isn't in the Always Construct's Event Control File: /home/aluno/Documentos/Moore/Maquina_de_Moore.v Line: 72
Warning (10235): Verilog HDL Always Construct warning at Maquina_de_Moore.v(77): variable "DOWN" is read inside the Always Construct but isn't in the Always Construct's Event Control File: /home/aluno/Documentos/Moore/Maquina_de_Moore.v Line: 77
Warning (10235): Verilog HDL Always Construct warning at Maquina_de_Moore.v(83): variable "DOWN" is read inside the Always Construct but isn't in the Always Construct's Event Control File: /home/aluno/Documentos/Moore/Maquina_de_Moore.v Line: 83
Warning (10235): Verilog HDL Always Construct warning at Maquina_de_Moore.v(88): variable "DOWN" is read inside the Always Construct but isn't in the Always Construct's Event Control File: /home/aluno/Documentos/Moore/Maquina_de_Moore.v Line: 88
Warning (10235): Verilog HDL Always Construct warning at Maquina_de_Moore.v(94): variable "DOWN" is read inside the Always Construct but isn't in the Always Construct's Event Control File: /home/aluno/Documentos/Moore/Maquina_de_Moore.v Line: 94
Warning (10235): Verilog HDL Always Construct warning at Maquina_de_Moore.v(99): variable "DOWN" is read inside the Always Construct but isn't in the Always Construct's Event Control File: /home/aluno/Documentos/Moore/Maquina_de_Moore.v Line: 99
Warning (10235): Verilog HDL Always Construct warning at Maquina_de_Moore.v(105): variable "DOWN" is read inside the Always Construct but isn't in the Always Construct's Event Control File: /home/aluno/Documentos/Moore/Maquina_de_Moore.v Line: 105
Warning (10235): Verilog HDL Always Construct warning at Maquina_de_Moore.v(110): variable "DOWN" is read inside the Always Construct but isn't in the Always Construct's Event Control File: /home/aluno/Documentos/Moore/Maquina_de_Moore.v Line: 110
Warning (10235): Verilog HDL Always Construct warning at Maquina_de_Moore.v(116): variable "DOWN" is read inside the Always Construct but isn't in the Always Construct's Event Control File: /home/aluno/Documentos/Moore/Maquina_de_Moore.v Line: 116
Warning (10235): Verilog HDL Always Construct warning at Maquina_de_Moore.v(121): variable "DOWN" is read inside the Always Construct but isn't in the Always Construct's Event Control File: /home/aluno/Documentos/Moore/Maquina_de_Moore.v Line: 121
Warning (10235): Verilog HDL Always Construct warning at Maquina_de_Moore.v(127): variable "DOWN" is read inside the Always Construct but isn't in the Always Construct's Event Control File: /home/aluno/Documentos/Moore/Maquina_de_Moore.v Line: 127
Warning (10235): Verilog HDL Always Construct warning at Maquina_de_Moore.v(132): variable "DOWN" is read inside the Always Construct but isn't in the Always Construct's Event Control File: /home/aluno/Documentos/Moore/Maquina_de_Moore.v Line: 132
Info (12128): Elaborating entity "Divisor_de_Frequencia" for hierarchy "Divisor_de_Frequencia:Divisor_de_Frequencia" File: /home/aluno/Documentos/Moore/Maquina_de_Moore.v Line: 142
Warning (10230): Verilog HDL assignment warning at Divisor_de_Frequencia.v(17): truncated value with size 32 to match size of target (26) File: /home/aluno/Documentos/Moore/Divisor_de_Frequencia.v Line: 17
Info (12128): Elaborating entity "Decodificador" for hierarchy "Decodificador:Decodificador" File: /home/aluno/Documentos/Moore/Maquina_de_Moore.v Line: 172
Warning (10270): Verilog HDL Case Statement warning at Decodificador.v(9): incomplete case statement has no default case item File: /home/aluno/Documentos/Moore/Decodificador.v Line: 9
Warning (10240): Verilog HDL Always Construct warning at Decodificador.v(9): inferring latch(es) for variable "seg", which holds its previous value in one or more paths through the always construct File: /home/aluno/Documentos/Moore/Decodificador.v Line: 9
Info (10041): Inferred latch for "seg[0]" at Decodificador.v(9) File: /home/aluno/Documentos/Moore/Decodificador.v Line: 9
Info (10041): Inferred latch for "seg[1]" at Decodificador.v(9) File: /home/aluno/Documentos/Moore/Decodificador.v Line: 9
Info (10041): Inferred latch for "seg[2]" at Decodificador.v(9) File: /home/aluno/Documentos/Moore/Decodificador.v Line: 9
Info (10041): Inferred latch for "seg[3]" at Decodificador.v(9) File: /home/aluno/Documentos/Moore/Decodificador.v Line: 9
Info (10041): Inferred latch for "seg[4]" at Decodificador.v(9) File: /home/aluno/Documentos/Moore/Decodificador.v Line: 9
Info (10041): Inferred latch for "seg[5]" at Decodificador.v(9) File: /home/aluno/Documentos/Moore/Decodificador.v Line: 9
Info (10041): Inferred latch for "seg[6]" at Decodificador.v(9) File: /home/aluno/Documentos/Moore/Decodificador.v Line: 9
Warning (14026): LATCH primitive "Decodificador:Decodificador|seg[6]" is permanently enabled File: /home/aluno/Documentos/Moore/Decodificador.v Line: 9
Warning (14026): LATCH primitive "Decodificador:Decodificador|seg[5]" is permanently enabled File: /home/aluno/Documentos/Moore/Decodificador.v Line: 9
Warning (14026): LATCH primitive "Decodificador:Decodificador|seg[4]" is permanently enabled File: /home/aluno/Documentos/Moore/Decodificador.v Line: 9
Warning (14026): LATCH primitive "Decodificador:Decodificador|seg[3]" is permanently enabled File: /home/aluno/Documentos/Moore/Decodificador.v Line: 9
Warning (14026): LATCH primitive "Decodificador:Decodificador|seg[2]" is permanently enabled File: /home/aluno/Documentos/Moore/Decodificador.v Line: 9
Warning (14026): LATCH primitive "Decodificador:Decodificador|seg[1]" is permanently enabled File: /home/aluno/Documentos/Moore/Decodificador.v Line: 9
Warning (14026): LATCH primitive "Decodificador:Decodificador|seg[0]" is permanently enabled File: /home/aluno/Documentos/Moore/Decodificador.v Line: 9
Warning (12241): 1 hierarchies have connectivity warnings - see the Connectivity Checks report folder
Info (286030): Timing-Driven Synthesis is running
Info (16010): Generating hard_block partition "hard_block:auto_generated_inst"
    Info (16011): Adding 0 node(s), including 0 DDIO, 0 PLL, 0 transceiver and 0 LCELL
Info (21057): Implemented 100 device resources after synthesis - the final resource count might be different
    Info (21058): Implemented 4 input pins
    Info (21059): Implemented 20 output pins
    Info (21061): Implemented 76 logic cells
Info: Quartus Prime Analysis & Synthesis was successful. 0 errors, 33 warnings
    Info: Peak virtual memory: 442 megabytes
    Info: Processing ended: Fri Dec  8 23:45:15 2023
    Info: Elapsed time: 00:00:10
    Info: Total CPU time (on all processors): 00:00:21


